{
  "stats": {
    "suites": 1,
    "tests": 2,
    "passes": 2,
    "pending": 0,
    "failures": 0,
    "start": "2024-01-28T17:30:27.286Z",
    "end": "2024-01-28T17:30:29.104Z",
    "duration": 1818,
    "testsRegistered": 2,
    "passPercent": 100,
    "pendingPercent": 0,
    "other": 0,
    "hasOther": false,
    "skipped": 0,
    "hasSkipped": false
  },
  "results": [
    {
      "uuid": "a8e5bf92-f7b2-4a06-ae10-33b7e8eae94f",
      "title": "",
      "fullFile": "C:\\Users\\daydi\\OneDrive\\Documents\\Panji\\Myskill\\javascript-automation\\test\\api\\chaiAssert.js",
      "file": "\\test\\api\\chaiAssert.js",
      "beforeHooks": [],
      "afterHooks": [],
      "tests": [],
      "suites": [
        {
          "uuid": "57aa7a90-8430-4768-aaad-2f65e8a108c2",
          "title": "Post Request example",
          "fullFile": "C:\\Users\\daydi\\OneDrive\\Documents\\Panji\\Myskill\\javascript-automation\\test\\api\\chaiAssert.js",
          "file": "\\test\\api\\chaiAssert.js",
          "beforeHooks": [],
          "afterHooks": [],
          "tests": [
            {
              "title": "respon status equal 200",
              "fullTitle": "Post Request example respon status equal 200",
              "timedOut": false,
              "duration": 1785,
              "state": "passed",
              "speed": "slow",
              "pass": true,
              "fail": false,
              "pending": false,
              "context": null,
              "code": "expect((await response).status).to.equal(200)",
              "err": {},
              "uuid": "b506b735-77e2-4af9-8b97-a85f2761761a",
              "parentUUID": "57aa7a90-8430-4768-aaad-2f65e8a108c2",
              "isHook": false,
              "skipped": false
            },
            {
              "title": "respon body contain property message",
              "fullTitle": "Post Request example respon body contain property message",
              "timedOut": false,
              "duration": 2,
              "state": "passed",
              "speed": "fast",
              "pass": true,
              "fail": false,
              "pending": false,
              "context": null,
              "code": "expect((await response).body).to.haveOwnProperty(\"message\")",
              "err": {},
              "uuid": "ae591f54-06e3-41b6-bd3f-11782d528984",
              "parentUUID": "57aa7a90-8430-4768-aaad-2f65e8a108c2",
              "isHook": false,
              "skipped": false
            }
          ],
          "suites": [],
          "passes": [
            "b506b735-77e2-4af9-8b97-a85f2761761a",
            "ae591f54-06e3-41b6-bd3f-11782d528984"
          ],
          "failures": [],
          "pending": [],
          "skipped": [],
          "duration": 1787,
          "root": false,
          "rootEmpty": false,
          "_timeout": 2000
        }
      ],
      "passes": [],
      "failures": [],
      "pending": [],
      "skipped": [],
      "duration": 0,
      "root": true,
      "rootEmpty": true,
      "_timeout": 2000
    }
  ],
  "meta": {
    "mocha": {
      "version": "10.0.0"
    },
    "mochawesome": {
      "options": {
        "quiet": false,
        "reportFilename": "mochawesome",
        "saveHtml": true,
        "saveJson": true,
        "consoleReporter": "spec",
        "useInlineDiffs": false,
        "code": true
      },
      "version": "7.1.3"
    },
    "marge": {
      "options": null,
      "version": "6.2.0"
    }
  }
}